[INFO] Starting sea panel
[INFO] Starting sea panel
INFO	| 2025-09-03 22:22:14	 | Starting sea panel
2025-09-03 22:22:49	| INFO	 | Starting sea panel
2025-09-03 22:23:52	| INFO	 | Starting sea panel
2025-09-03 22:24:03	| INFO	 | Starting sea panel
2025-09-03 22:24:32	| INFO	 | Starting sea panel
2025-09-03 22:24:32	| INFO	 | Stopping sea panel
2025-09-03 22:24:46	| INFO	 | Starting sea panel
2025-09-03 22:24:46	| INFO	 | Stopping sea panel
2025-09-03 22:25:27| INFO	 | Starting sea panel
2025-09-03 22:25:27| INFO	 | Stopping sea panel
2025-09-03 22:25:28 | INFO	 | Starting sea panel
2025-09-03 22:25:28 | INFO	 | Stopping sea panel
2025-09-03 22:25:40 | INFO	 | Starting sea panel
2025-09-03 22:25:40 | INFO	 | Stopping sea panel
2025-09-03 22:25:44 | INFO	 | Starting sea panel
2025-09-03 22:25:44 | INFO	 | Stopping sea panel
2025-09-03 22:26:01 | INFO	 | Starting sea panel
2025-09-03 22:26:01 | INFO	 | Stopping sea panel
2025-09-03 22:26:10 | INFO	 | Starting sea panel
2025-09-03 22:26:10 | INFO	 | Stopping sea panel
2025-09-03 22:26:34 | INFO	 | Starting sea panel
2025-09-03 22:26:34 | INFO	 | Stopping sea panel
